<?xml version="1.0" encoding="UTF-8"?>
<!-- Generated by org.testng.reporters.JUnitXMLReporter -->
<testsuite ignored="0" hostname="SRINIVAS-G2005" failures="0" tests="3" name="Default test" time="19.794" errors="0" timestamp="2025-03-27T21:45:55 IST">
  <testcase classname="flipkartEcommers.HandlingScreenShots" name="captureFullPage" time="0.937"/>
  <testcase classname="flipkartEcommers.HandlingScreenShots" name="captureSpecificPlace" time="0.404"/>
  <testcase classname="flipkartEcommers.HandlingScreenShots" name="captureWebElement" time="0.165"/>
</testsuite> <!-- Default test -->
