<?xml version="1.0" encoding="UTF-8"?>
<testng-results ignored="0" total="1" passed="1" failed="0" skipped="0">
  <reporter-output>
  </reporter-output>
  <suite started-at="2025-07-09T14:51:32 IST" name="Default suite" finished-at="2025-07-09T14:51:38 IST" duration-ms="5931">
    <groups>
    </groups>
    <test started-at="2025-07-09T14:51:32 IST" name="Default test" finished-at="2025-07-09T14:51:38 IST" duration-ms="5931">
      <class name="OnePiece_Wikipedia.HandlingScreenShots">
        <test-method is-config="true" signature="setUp()[pri:0, instance:OnePiece_Wikipedia.HandlingScreenShots@776aec5c]" started-at="2025-07-09T14:51:32 IST" name="setUp" finished-at="2025-07-09T14:51:37 IST" duration-ms="5108" status="PASS">
          <reporter-output>
          </reporter-output>
        </test-method> <!-- setUp -->
        <test-method signature="captureSpecificPlace()[pri:3, instance:OnePiece_Wikipedia.HandlingScreenShots@776aec5c]" started-at="2025-07-09T14:51:37 IST" name="captureSpecificPlace" finished-at="2025-07-09T14:51:37 IST" duration-ms="339" status="PASS">
          <reporter-output>
          </reporter-output>
        </test-method> <!-- captureSpecificPlace -->
        <test-method is-config="true" signature="tearDown()[pri:0, instance:OnePiece_Wikipedia.HandlingScreenShots@776aec5c]" started-at="2025-07-09T14:51:37 IST" name="tearDown" finished-at="2025-07-09T14:51:38 IST" duration-ms="395" status="PASS">
          <reporter-output>
          </reporter-output>
        </test-method> <!-- tearDown -->
      </class> <!-- OnePiece_Wikipedia.HandlingScreenShots -->
    </test> <!-- Default test -->
  </suite> <!-- Default suite -->
</testng-results>
