<?xml version="1.0" encoding="UTF-8"?>
<testng-results ignored="0" total="3" passed="2" failed="1" skipped="0">
  <reporter-output>
  </reporter-output>
  <suite started-at="2025-07-09T14:54:20 IST" name="Default suite" finished-at="2025-07-09T14:54:37 IST" duration-ms="17536">
    <groups>
    </groups>
    <test started-at="2025-07-09T14:54:20 IST" name="Default test" finished-at="2025-07-09T14:54:37 IST" duration-ms="17536">
      <class name="flipkartEcommers.HandlingScreenShots">
        <test-method is-config="true" signature="setUp()[pri:0, instance:flipkartEcommers.HandlingScreenShots@4afcd809]" started-at="2025-07-09T14:54:20 IST" name="setUp" finished-at="2025-07-09T14:54:25 IST" duration-ms="5701" status="PASS">
          <reporter-output>
          </reporter-output>
        </test-method> <!-- setUp -->
        <test-method signature="captureFullPage()[pri:1, instance:flipkartEcommers.HandlingScreenShots@4afcd809]" started-at="2025-07-09T14:54:25 IST" name="captureFullPage" finished-at="2025-07-09T14:54:26 IST" duration-ms="936" status="PASS">
          <reporter-output>
          </reporter-output>
        </test-method> <!-- captureFullPage -->
        <test-method signature="captureSpecificPlace()[pri:2, instance:flipkartEcommers.HandlingScreenShots@4afcd809]" started-at="2025-07-09T14:54:26 IST" name="captureSpecificPlace" finished-at="2025-07-09T14:54:36 IST" duration-ms="10070" status="FAIL">
          <exception class="org.openqa.selenium.NoSuchElementException">
            <message>
              <![CDATA[no such element: Unable to locate element: {"method":"xpath","selector":"//body/div[@id='container']/div/div[@class='q8WwEU']/div[@class='_3zsGrb']/div[@class='_2-LWwB']/div/div[@class='css-175oi2r']/div[@class='css-175oi2r']/div[@class='css-175oi2r r-13awgt0 r-1iqfa7g r-60vfwk']/div[@class='css-175oi2r r-13awgt0 r-1iqfa7g r-60vfwk']/div[@class='_1ui5b4']/div[@class='yAlKeh']/div[@class='_2L0uxW']/div[@class='_3116_u']/div[6]/div[1]/div[1]/div[1]/div[1]/div[1]/div[1]/div[1]/div[1]"}
  (Session info: chrome=137.0.7151.120)
For documentation on this error, please visit: https://www.selenium.dev/documentation/webdriver/troubleshooting/errors#no-such-element-exception
Build info: version: '4.29.0', revision: '5fc1ec94cb'
System info: os.name: 'Windows 11', os.arch: 'amd64', os.version: '10.0', java.version: '21'
Driver info: org.openqa.selenium.chrome.ChromeDriver
Command: [2483c7a27fcafd99180d75bdf9059a08, findElement {value=//body/div[@id='container']/div/div[@class='q8WwEU']/div[@class='_3zsGrb']/div[@class='_2-LWwB']/div/div[@class='css-175oi2r']/div[@class='css-175oi2r']/div[@class='css-175oi2r r-13awgt0 r-1iqfa7g r-60vfwk']/div[@class='css-175oi2r r-13awgt0 r-1iqfa7g r-60vfwk']/div[@class='_1ui5b4']/div[@class='yAlKeh']/div[@class='_2L0uxW']/div[@class='_3116_u']/div[6]/div[1]/div[1]/div[1]/div[1]/div[1]/div[1]/div[1]/div[1], using=xpath}]
Capabilities {acceptInsecureCerts: false, browserName: chrome, browserVersion: 137.0.7151.120, chrome: {chromedriverVersion: 137.0.7151.119 (e0ac9d12dff..., userDataDir: C:\Users\ASUS\AppData\Local...}, fedcm:accounts: true, goog:chromeOptions: {debuggerAddress: localhost:54418}, networkConnectionEnabled: false, pageLoadStrategy: normal, platformName: windows, proxy: Proxy(), se:cdp: ws://localhost:54418/devtoo..., se:cdpVersion: 137.0.7151.120, setWindowRect: true, strictFileInteractability: false, timeouts: {implicit: 0, pageLoad: 300000, script: 30000}, unhandledPromptBehavior: dismiss and notify, webauthn:extension:credBlob: true, webauthn:extension:largeBlob: true, webauthn:extension:minPinLength: true, webauthn:extension:prf: true, webauthn:virtualAuthenticators: true}
Session ID: 2483c7a27fcafd99180d75bdf9059a08]]>
            </message>
            <full-stacktrace>
              <![CDATA[org.openqa.selenium.NoSuchElementException: no such element: Unable to locate element: {"method":"xpath","selector":"//body/div[@id='container']/div/div[@class='q8WwEU']/div[@class='_3zsGrb']/div[@class='_2-LWwB']/div/div[@class='css-175oi2r']/div[@class='css-175oi2r']/div[@class='css-175oi2r r-13awgt0 r-1iqfa7g r-60vfwk']/div[@class='css-175oi2r r-13awgt0 r-1iqfa7g r-60vfwk']/div[@class='_1ui5b4']/div[@class='yAlKeh']/div[@class='_2L0uxW']/div[@class='_3116_u']/div[6]/div[1]/div[1]/div[1]/div[1]/div[1]/div[1]/div[1]/div[1]"}
  (Session info: chrome=137.0.7151.120)
For documentation on this error, please visit: https://www.selenium.dev/documentation/webdriver/troubleshooting/errors#no-such-element-exception
Build info: version: '4.29.0', revision: '5fc1ec94cb'
System info: os.name: 'Windows 11', os.arch: 'amd64', os.version: '10.0', java.version: '21'
Driver info: org.openqa.selenium.chrome.ChromeDriver
Command: [2483c7a27fcafd99180d75bdf9059a08, findElement {value=//body/div[@id='container']/div/div[@class='q8WwEU']/div[@class='_3zsGrb']/div[@class='_2-LWwB']/div/div[@class='css-175oi2r']/div[@class='css-175oi2r']/div[@class='css-175oi2r r-13awgt0 r-1iqfa7g r-60vfwk']/div[@class='css-175oi2r r-13awgt0 r-1iqfa7g r-60vfwk']/div[@class='_1ui5b4']/div[@class='yAlKeh']/div[@class='_2L0uxW']/div[@class='_3116_u']/div[6]/div[1]/div[1]/div[1]/div[1]/div[1]/div[1]/div[1]/div[1], using=xpath}]
Capabilities {acceptInsecureCerts: false, browserName: chrome, browserVersion: 137.0.7151.120, chrome: {chromedriverVersion: 137.0.7151.119 (e0ac9d12dff..., userDataDir: C:\Users\ASUS\AppData\Local...}, fedcm:accounts: true, goog:chromeOptions: {debuggerAddress: localhost:54418}, networkConnectionEnabled: false, pageLoadStrategy: normal, platformName: windows, proxy: Proxy(), se:cdp: ws://localhost:54418/devtoo..., se:cdpVersion: 137.0.7151.120, setWindowRect: true, strictFileInteractability: false, timeouts: {implicit: 0, pageLoad: 300000, script: 30000}, unhandledPromptBehavior: dismiss and notify, webauthn:extension:credBlob: true, webauthn:extension:largeBlob: true, webauthn:extension:minPinLength: true, webauthn:extension:prf: true, webauthn:virtualAuthenticators: true}
Session ID: 2483c7a27fcafd99180d75bdf9059a08
at java.base/jdk.internal.reflect.DirectConstructorHandleAccessor.newInstance(DirectConstructorHandleAccessor.java:62)
at java.base/java.lang.reflect.Constructor.newInstanceWithCaller(Constructor.java:502)
at java.base/java.lang.reflect.Constructor.newInstance(Constructor.java:486)
at org.openqa.selenium.remote.ErrorCodec.decode(ErrorCodec.java:167)
at org.openqa.selenium.remote.codec.w3c.W3CHttpResponseCodec.decode(W3CHttpResponseCodec.java:138)
at org.openqa.selenium.remote.codec.w3c.W3CHttpResponseCodec.decode(W3CHttpResponseCodec.java:50)
at org.openqa.selenium.remote.HttpCommandExecutor.execute(HttpCommandExecutor.java:215)
at org.openqa.selenium.remote.service.DriverCommandExecutor.invokeExecute(DriverCommandExecutor.java:216)
at org.openqa.selenium.remote.service.DriverCommandExecutor.execute(DriverCommandExecutor.java:174)
at org.openqa.selenium.remote.RemoteWebDriver.execute(RemoteWebDriver.java:545)
at org.openqa.selenium.remote.ElementLocation$ElementFinder$2.findElement(ElementLocation.java:165)
at org.openqa.selenium.remote.ElementLocation.findElement(ElementLocation.java:59)
at org.openqa.selenium.remote.RemoteWebDriver.findElement(RemoteWebDriver.java:368)
at org.openqa.selenium.remote.RemoteWebDriver.findElement(RemoteWebDriver.java:362)
at flipkartEcommers.HandlingScreenShots.captureSpecificPlace(HandlingScreenShots.java:42)
at java.base/jdk.internal.reflect.DirectMethodHandleAccessor.invoke(DirectMethodHandleAccessor.java:103)
at java.base/java.lang.reflect.Method.invoke(Method.java:580)
at org.testng.internal.invokers.MethodInvocationHelper.invokeMethod(MethodInvocationHelper.java:141)
at org.testng.internal.invokers.TestInvoker.invokeMethod(TestInvoker.java:686)
at org.testng.internal.invokers.TestInvoker.invokeTestMethod(TestInvoker.java:230)
at org.testng.internal.invokers.MethodRunner.runInSequence(MethodRunner.java:63)
at org.testng.internal.invokers.TestInvoker$MethodInvocationAgent.invoke(TestInvoker.java:992)
at org.testng.internal.invokers.TestInvoker.invokeTestMethods(TestInvoker.java:203)
at org.testng.internal.invokers.TestMethodWorker.invokeTestMethods(TestMethodWorker.java:154)
at org.testng.internal.invokers.TestMethodWorker.run(TestMethodWorker.java:134)
at java.base/java.util.ArrayList.forEach(ArrayList.java:1596)
at org.testng.TestRunner.privateRun(TestRunner.java:739)
at org.testng.TestRunner.run(TestRunner.java:614)
at org.testng.SuiteRunner.runTest(SuiteRunner.java:421)
at org.testng.SuiteRunner.runSequentially(SuiteRunner.java:413)
at org.testng.SuiteRunner.privateRun(SuiteRunner.java:373)
at org.testng.SuiteRunner.run(SuiteRunner.java:312)
at org.testng.SuiteRunnerWorker.runSuite(SuiteRunnerWorker.java:52)
at org.testng.SuiteRunnerWorker.run(SuiteRunnerWorker.java:95)
at org.testng.TestNG.runSuitesSequentially(TestNG.java:1274)
at org.testng.TestNG.runSuitesLocally(TestNG.java:1208)
at org.testng.TestNG.runSuites(TestNG.java:1112)
at org.testng.TestNG.run(TestNG.java:1079)
at org.testng.remote.AbstractRemoteTestNG.run(AbstractRemoteTestNG.java:115)
at org.testng.remote.RemoteTestNG.initAndRun(RemoteTestNG.java:293)
at org.testng.remote.RemoteTestNG.main(RemoteTestNG.java:91)
]]>
            </full-stacktrace>
          </exception> <!-- org.openqa.selenium.NoSuchElementException -->
          <reporter-output>
          </reporter-output>
        </test-method> <!-- captureSpecificPlace -->
        <test-method signature="captureWebElement()[pri:3, instance:flipkartEcommers.HandlingScreenShots@4afcd809]" started-at="2025-07-09T14:54:36 IST" name="captureWebElement" finished-at="2025-07-09T14:54:37 IST" duration-ms="201" status="PASS">
          <reporter-output>
          </reporter-output>
        </test-method> <!-- captureWebElement -->
        <test-method is-config="true" signature="tearDown()[pri:0, instance:flipkartEcommers.HandlingScreenShots@4afcd809]" started-at="2025-07-09T14:54:37 IST" name="tearDown" finished-at="2025-07-09T14:54:37 IST" duration-ms="533" status="PASS">
          <reporter-output>
          </reporter-output>
        </test-method> <!-- tearDown -->
      </class> <!-- flipkartEcommers.HandlingScreenShots -->
    </test> <!-- Default test -->
  </suite> <!-- Default suite -->
</testng-results>
